#
# There is insufficient memory for the Java Runtime Environment to continue.
# Native memory allocation (malloc) failed to allocate 1656352 bytes for Chunk::new
# Possible reasons:
#   The system is out of physical RAM or swap space
#   The process is running with CompressedOops enabled, and the Java Heap may be blocking the growth of the native heap
# Possible solutions:
#   Reduce memory load on the system
#   Increase physical memory or swap space
#   Check if swap backing store is full
#   Decrease Java heap size (-Xmx/-Xms)
#   Decrease number of Java threads
#   Decrease Java thread stack sizes (-Xss)
#   Set larger code cache with -XX:ReservedCodeCacheSize=
#   JVM is running with Unscaled Compressed Oops mode in which the Java heap is
#     placed in the first 4GB address space. The Java Heap base address is the
#     maximum limit for the native heap growth. Please use -XX:HeapBaseMinAddress
#     to set the Java Heap base and to place the Java Heap above 4GB virtual address.
# This output file may be truncated or incomplete.
#
#  Out of Memory Error (arena.cpp:189), pid=28764, tid=6416
#
# JRE version: OpenJDK Runtime Environment Temurin-17.0.5+8 (17.0.5+8) (build 17.0.5+8)
# Java VM: OpenJDK 64-Bit Server VM Temurin-17.0.5+8 (17.0.5+8, mixed mode, sharing, tiered, compressed oops, compressed class ptrs, g1 gc, windows-amd64)
# No core dump will be written. Minidumps are not enabled by default on client versions of Windows
#

---------------  S U M M A R Y ------------

Command Line: org.jetbrains.kotlin.cli.jvm.K2JVMCompiler @D:\ReactNative\MyApp\node_modules\react-native-video\android\buildOutput_a15d4dee7fc4eda61b91308cbb6a2e72\20250815_3866942620135516661.compiler.options

Host: Intel(R) Core(TM) i5-1035G1 CPU @ 1.00GHz, 8 cores, 7G,  Windows 11 , 64 bit Build 26100 (10.0.26100.3775)
Time: Fri Aug 15 15:35:28 2025 India Standard Time elapsed time: 39.081474 seconds (0d 0h 0m 39s)

---------------  T H R E A D  ---------------

Current thread (0x0000020a748db020):  JavaThread "C2 CompilerThread2" daemon [_thread_in_native, id=6416, stack(0x0000000b9c000000,0x0000000b9c100000)]


Current CompileTask:
C2:  39081 12400       4       org.jetbrains.kotlin.resolve.jvm.RuntimeAssertionsTypeChecker::checkType (104 bytes)

Stack: [0x0000000b9c000000,0x0000000b9c100000]
Native frames: (J=compiled Java code, j=interpreted, Vv=VM code, C=native code)
V  [jvm.dll+0x676b3a]
V  [jvm.dll+0x831444]
V  [jvm.dll+0x832bee]
V  [jvm.dll+0x833253]
V  [jvm.dll+0x244ce5]
V  [jvm.dll+0xabbac]
V  [jvm.dll+0xac17c]
V  [jvm.dll+0x362d57]
V  [jvm.dll+0x32d591]
V  [jvm.dll+0x32ca3a]
V  [jvm.dll+0x217b51]
V  [jvm.dll+0x216f71]
V  [jvm.dll+0x1a343d]
V  [jvm.dll+0x22698a]
V  [jvm.dll+0x224ac5]
V  [jvm.dll+0x7e727b]
V  [jvm.dll+0x7e17ea]
V  [jvm.dll+0x6759e5]
C  [ucrtbase.dll+0x37b0]
C  [KERNEL32.DLL+0x2e8d7]
C  [ntdll.dll+0xb14fc]


---------------  P R O C E S S  ---------------

Threads class SMR info:
_java_thread_list=0x0000020a71135a20, length=14, elements={
0x0000020a4fc1b8e0, 0x0000020a6dfc7620, 0x0000020a6dfc7fd0, 0x0000020a6dfdc800,
0x0000020a6dfdd1b0, 0x0000020a6dfddb60, 0x0000020a6dfde510, 0x0000020a6f00a3f0,
0x0000020a6f013dc0, 0x0000020a6f0146c0, 0x0000020a6f1550b0, 0x0000020a6f1569c0,
0x0000020a748d8cb0, 0x0000020a748db020
}

Java Threads: ( => current thread )
  0x0000020a4fc1b8e0 JavaThread "main" [_thread_in_Java, id=24920, stack(0x0000000b9a300000,0x0000000b9a400000)]
  0x0000020a6dfc7620 JavaThread "Reference Handler" daemon [_thread_blocked, id=28412, stack(0x0000000b9aa00000,0x0000000b9ab00000)]
  0x0000020a6dfc7fd0 JavaThread "Finalizer" daemon [_thread_blocked, id=29436, stack(0x0000000b9ab00000,0x0000000b9ac00000)]
  0x0000020a6dfdc800 JavaThread "Signal Dispatcher" daemon [_thread_blocked, id=14136, stack(0x0000000b9ac00000,0x0000000b9ad00000)]
  0x0000020a6dfdd1b0 JavaThread "Attach Listener" daemon [_thread_blocked, id=27988, stack(0x0000000b9ad00000,0x0000000b9ae00000)]
  0x0000020a6dfddb60 JavaThread "Service Thread" daemon [_thread_blocked, id=23612, stack(0x0000000b9ae00000,0x0000000b9af00000)]
  0x0000020a6dfde510 JavaThread "Monitor Deflation Thread" daemon [_thread_blocked, id=28292, stack(0x0000000b9af00000,0x0000000b9b000000)]
  0x0000020a6f00a3f0 JavaThread "C2 CompilerThread0" daemon [_thread_blocked, id=3900, stack(0x0000000b9b000000,0x0000000b9b100000)]
  0x0000020a6f013dc0 JavaThread "C1 CompilerThread0" daemon [_thread_blocked, id=24704, stack(0x0000000b9b100000,0x0000000b9b200000)]
  0x0000020a6f0146c0 JavaThread "Sweeper thread" daemon [_thread_blocked, id=21268, stack(0x0000000b9b200000,0x0000000b9b300000)]
  0x0000020a6f1550b0 JavaThread "Notification Thread" daemon [_thread_blocked, id=6068, stack(0x0000000b9b300000,0x0000000b9b400000)]
  0x0000020a6f1569c0 JavaThread "Common-Cleaner" daemon [_thread_blocked, id=22864, stack(0x0000000b9b500000,0x0000000b9b600000)]
  0x0000020a748d8cb0 JavaThread "C2 CompilerThread1" daemon [_thread_in_native, id=2792, stack(0x0000000b9bb00000,0x0000000b9bc00000)]
=>0x0000020a748db020 JavaThread "C2 CompilerThread2" daemon [_thread_in_native, id=6416, stack(0x0000000b9c000000,0x0000000b9c100000)]

Other Threads:
  0x0000020a6dfc2d60 VMThread "VM Thread" [stack: 0x0000000b9a900000,0x0000000b9aa00000] [id=25800]
  0x0000020a4fc92f90 WatcherThread [stack: 0x0000000b9b400000,0x0000000b9b500000] [id=29376]
  0x0000020a4fc757f0 GCTaskThread "GC Thread#0" [stack: 0x0000000b9a400000,0x0000000b9a500000] [id=27236]
  0x0000020a6f63d500 GCTaskThread "GC Thread#1" [stack: 0x0000000b9b600000,0x0000000b9b700000] [id=27656]
  0x0000020a6f6b4340 GCTaskThread "GC Thread#2" [stack: 0x0000000b9b700000,0x0000000b9b800000] [id=7336]
  0x0000020a6f6b45f0 GCTaskThread "GC Thread#3" [stack: 0x0000000b9b800000,0x0000000b9b900000] [id=29408]
  0x0000020a6f6b48a0 GCTaskThread "GC Thread#4" [stack: 0x0000000b9b900000,0x0000000b9ba00000] [id=27476]
  0x0000020a6f6cba90 GCTaskThread "GC Thread#5" [stack: 0x0000000b9ba00000,0x0000000b9bb00000] [id=16324]
  0x0000020a707d5c70 GCTaskThread "GC Thread#6" [stack: 0x0000000b9bd00000,0x0000000b9be00000] [id=28268]
  0x0000020a7087d7a0 GCTaskThread "GC Thread#7" [stack: 0x0000000b9be00000,0x0000000b9bf00000] [id=26540]
  0x0000020a4fc85dd0 ConcurrentGCThread "G1 Main Marker" [stack: 0x0000000b9a500000,0x0000000b9a600000] [id=29296]
  0x0000020a4fc86680 ConcurrentGCThread "G1 Conc#0" [stack: 0x0000000b9a600000,0x0000000b9a700000] [id=28088]
  0x0000020a70963390 ConcurrentGCThread "G1 Conc#1" [stack: 0x0000000b9bc00000,0x0000000b9bd00000] [id=13208]
  0x0000020a4fcad040 ConcurrentGCThread "G1 Refine#0" [stack: 0x0000000b9a700000,0x0000000b9a800000] [id=24496]
  0x0000020a709080a0 ConcurrentGCThread "G1 Refine#1" [stack: 0x0000000b9bf00000,0x0000000b9c000000] [id=28788]
  0x0000020a6de5fc50 ConcurrentGCThread "G1 Service" [stack: 0x0000000b9a800000,0x0000000b9a900000] [id=21328]

Threads with active compile tasks:
C2 CompilerThread1    39147 12480       4       org.jetbrains.kotlin.resolve.DelegatingBindingTrace::<init> (145 bytes)
C2 CompilerThread2    39147 12400       4       org.jetbrains.kotlin.resolve.jvm.RuntimeAssertionsTypeChecker::checkType (104 bytes)

VM state: not at safepoint (normal execution)

VM Mutex/Monitor currently owned by a thread: None

Heap address: 0x0000000084000000, size: 1984 MB, Compressed Oops mode: 32-bit

CDS archive(s) mapped at: [0x0000000800000000-0x0000000800bc0000-0x0000000800bc0000), size 12320768, SharedBaseAddress: 0x0000000800000000, ArchiveRelocationMode: 0.
Compressed class space mapped at: 0x0000000800c00000-0x0000000840c00000, reserved size: 1073741824
Narrow klass base: 0x0000000800000000, Narrow klass shift: 0, Narrow klass range: 0x100000000

GC Precious Log:
 CPUs: 8 total, 8 available
 Memory: 7930M
 Large Page Support: Disabled
 NUMA Support: Disabled
 Compressed Oops: Enabled (32-bit)
 Heap Region Size: 1M
 Heap Min Capacity: 8M
 Heap Initial Capacity: 124M
 Heap Max Capacity: 1984M
 Pre-touch: Disabled
 Parallel Workers: 8
 Concurrent Workers: 2
 Concurrent Refinement Workers: 8
 Periodic GC: Disabled

Heap:
 garbage-first heap   total 194560K, used 88935K [0x0000000084000000, 0x0000000100000000)
  region size 1024K, 18 young (18432K), 4 survivors (4096K)
 Metaspace       used 55751K, committed 56000K, reserved 1105920K
  class space    used 6335K, committed 6464K, reserved 1048576K

Heap Regions: E=young(eden), S=young(survivor), O=old, HS=humongous(starts), HC=humongous(continues), CS=collection set, F=free, OA=open archive, CA=closed archive, TAMS=top-at-mark-start (previous, next)
|   0|0x0000000084000000, 0x0000000084100000, 0x0000000084100000|100%|HS|  |TAMS 0x0000000084100000, 0x0000000084000000| Complete 
|   1|0x0000000084100000, 0x0000000084200000, 0x0000000084200000|100%|HC|  |TAMS 0x0000000084200000, 0x0000000084100000| Complete 
|   2|0x0000000084200000, 0x0000000084300000, 0x0000000084300000|100%|HC|  |TAMS 0x0000000084300000, 0x0000000084200000| Complete 
|   3|0x0000000084300000, 0x0000000084400000, 0x0000000084400000|100%|HC|  |TAMS 0x0000000084400000, 0x0000000084300000| Complete 
|   4|0x0000000084400000, 0x0000000084500000, 0x0000000084500000|100%| O|  |TAMS 0x0000000084500000, 0x0000000084400000| Untracked 
|   5|0x0000000084500000, 0x0000000084600000, 0x0000000084600000|100%| O|  |TAMS 0x0000000084600000, 0x0000000084500000| Untracked 
|   6|0x0000000084600000, 0x0000000084700000, 0x0000000084700000|100%| O|  |TAMS 0x0000000084700000, 0x0000000084600000| Untracked 
|   7|0x0000000084700000, 0x0000000084800000, 0x0000000084800000|100%| O|  |TAMS 0x0000000084800000, 0x0000000084700000| Untracked 
|   8|0x0000000084800000, 0x0000000084900000, 0x0000000084900000|100%| O|  |TAMS 0x0000000084900000, 0x0000000084800000| Untracked 
|   9|0x0000000084900000, 0x0000000084a00000, 0x0000000084a00000|100%| O|  |TAMS 0x0000000084a00000, 0x0000000084900000| Untracked 
|  10|0x0000000084a00000, 0x0000000084b00000, 0x0000000084b00000|100%| O|  |TAMS 0x0000000084b00000, 0x0000000084a00000| Untracked 
|  11|0x0000000084b00000, 0x0000000084c00000, 0x0000000084c00000|100%| O|  |TAMS 0x0000000084c00000, 0x0000000084b00000| Untracked 
|  12|0x0000000084c00000, 0x0000000084d00000, 0x0000000084d00000|100%| O|  |TAMS 0x0000000084d00000, 0x0000000084c00000| Untracked 
|  13|0x0000000084d00000, 0x0000000084e00000, 0x0000000084e00000|100%| O|  |TAMS 0x0000000084e00000, 0x0000000084d00000| Untracked 
|  14|0x0000000084e00000, 0x0000000084f00000, 0x0000000084f00000|100%| O|  |TAMS 0x0000000084f00000, 0x0000000084e00000| Untracked 
|  15|0x0000000084f00000, 0x0000000085000000, 0x0000000085000000|100%| O|  |TAMS 0x0000000085000000, 0x0000000084f00000| Untracked 
|  16|0x0000000085000000, 0x0000000085100000, 0x0000000085100000|100%| O|  |TAMS 0x0000000085100000, 0x0000000085000000| Untracked 
|  17|0x0000000085100000, 0x0000000085200000, 0x0000000085200000|100%| O|  |TAMS 0x0000000085200000, 0x0000000085100000| Untracked 
|  18|0x0000000085200000, 0x0000000085300000, 0x0000000085300000|100%| O|  |TAMS 0x0000000085300000, 0x0000000085200000| Untracked 
|  19|0x0000000085300000, 0x0000000085400000, 0x0000000085400000|100%| O|  |TAMS 0x0000000085400000, 0x0000000085300000| Untracked 
|  20|0x0000000085400000, 0x0000000085500000, 0x0000000085500000|100%| O|  |TAMS 0x0000000085500000, 0x0000000085400000| Untracked 
|  21|0x0000000085500000, 0x0000000085600000, 0x0000000085600000|100%| O|  |TAMS 0x0000000085600000, 0x0000000085500000| Untracked 
|  22|0x0000000085600000, 0x0000000085700000, 0x0000000085700000|100%| O|  |TAMS 0x0000000085600000, 0x0000000085600000| Untracked 
|  23|0x0000000085700000, 0x0000000085800000, 0x0000000085800000|100%| O|  |TAMS 0x0000000085800000, 0x0000000085700000| Untracked 
|  24|0x0000000085800000, 0x0000000085900000, 0x0000000085900000|100%|HS|  |TAMS 0x0000000085900000, 0x0000000085800000| Complete 
|  25|0x0000000085900000, 0x0000000085a00000, 0x0000000085a00000|100%|HC|  |TAMS 0x0000000085a00000, 0x0000000085900000| Complete 
|  26|0x0000000085a00000, 0x0000000085b00000, 0x0000000085b00000|100%| O|  |TAMS 0x0000000085b00000, 0x0000000085a00000| Untracked 
|  27|0x0000000085b00000, 0x0000000085c00000, 0x0000000085c00000|100%| O|  |TAMS 0x0000000085c00000, 0x0000000085b00000| Untracked 
|  28|0x0000000085c00000, 0x0000000085d00000, 0x0000000085d00000|100%| O|  |TAMS 0x0000000085d00000, 0x0000000085c00000| Untracked 
|  29|0x0000000085d00000, 0x0000000085e00000, 0x0000000085e00000|100%| O|  |TAMS 0x0000000085e00000, 0x0000000085d00000| Untracked 
|  30|0x0000000085e00000, 0x0000000085f00000, 0x0000000085f00000|100%| O|  |TAMS 0x0000000085f00000, 0x0000000085e00000| Untracked 
|  31|0x0000000085f00000, 0x0000000086000000, 0x0000000086000000|100%| O|  |TAMS 0x0000000086000000, 0x0000000085f00000| Untracked 
|  32|0x0000000086000000, 0x0000000086100000, 0x0000000086100000|100%| O|  |TAMS 0x0000000086100000, 0x0000000086000000| Untracked 
|  33|0x0000000086100000, 0x0000000086200000, 0x0000000086200000|100%| O|  |TAMS 0x0000000086200000, 0x0000000086100000| Untracked 
|  34|0x0000000086200000, 0x0000000086300000, 0x0000000086300000|100%| O|  |TAMS 0x0000000086300000, 0x0000000086200000| Untracked 
|  35|0x0000000086300000, 0x0000000086400000, 0x0000000086400000|100%| O|  |TAMS 0x0000000086400000, 0x0000000086300000| Untracked 
|  36|0x0000000086400000, 0x0000000086500000, 0x0000000086500000|100%| O|  |TAMS 0x0000000086500000, 0x0000000086400000| Untracked 
|  37|0x0000000086500000, 0x0000000086600000, 0x0000000086600000|100%| O|  |TAMS 0x0000000086600000, 0x0000000086500000| Untracked 
|  38|0x0000000086600000, 0x0000000086700000, 0x0000000086700000|100%| O|  |TAMS 0x0000000086700000, 0x0000000086600000| Untracked 
|  39|0x0000000086700000, 0x0000000086800000, 0x0000000086800000|100%| O|  |TAMS 0x0000000086800000, 0x0000000086700000| Untracked 
|  40|0x0000000086800000, 0x0000000086800000, 0x0000000086900000|  0%| F|  |TAMS 0x0000000086800000, 0x0000000086800000| Untracked 
|  41|0x0000000086900000, 0x0000000086a00000, 0x0000000086a00000|100%| O|  |TAMS 0x0000000086a00000, 0x0000000086900000| Untracked 
|  42|0x0000000086a00000, 0x0000000086b00000, 0x0000000086b00000|100%| O|  |TAMS 0x0000000086b00000, 0x0000000086a00000| Untracked 
|  43|0x0000000086b00000, 0x0000000086c00000, 0x0000000086c00000|100%| O|  |TAMS 0x0000000086c00000, 0x0000000086b00000| Untracked 
|  44|0x0000000086c00000, 0x0000000086d00000, 0x0000000086d00000|100%| O|  |TAMS 0x0000000086d00000, 0x0000000086c00000| Untracked 
|  45|0x0000000086d00000, 0x0000000086e00000, 0x0000000086e00000|100%| O|  |TAMS 0x0000000086e00000, 0x0000000086d00000| Untracked 
|  46|0x0000000086e00000, 0x0000000086f00000, 0x0000000086f00000|100%| O|  |TAMS 0x0000000086f00000, 0x0000000086e00000| Untracked 
|  47|0x0000000086f00000, 0x0000000087000000, 0x0000000087000000|100%| O|  |TAMS 0x0000000087000000, 0x0000000086f00000| Untracked 
|  48|0x0000000087000000, 0x0000000087100000, 0x0000000087100000|100%| O|  |TAMS 0x0000000087100000, 0x0000000087000000| Untracked 
|  49|0x0000000087100000, 0x0000000087200000, 0x0000000087200000|100%| O|  |TAMS 0x0000000087200000, 0x0000000087100000| Untracked 
|  50|0x0000000087200000, 0x0000000087300000, 0x0000000087300000|100%| O|  |TAMS 0x0000000087300000, 0x0000000087200000| Untracked 
|  51|0x0000000087300000, 0x0000000087400000, 0x0000000087400000|100%| O|  |TAMS 0x0000000087400000, 0x0000000087300000| Untracked 
|  52|0x0000000087400000, 0x0000000087500000, 0x0000000087500000|100%| O|  |TAMS 0x0000000087500000, 0x0000000087400000| Untracked 
|  53|0x0000000087500000, 0x0000000087600000, 0x0000000087600000|100%| O|  |TAMS 0x0000000087600000, 0x0000000087500000| Untracked 
|  54|0x0000000087600000, 0x0000000087700000, 0x0000000087700000|100%| O|  |TAMS 0x0000000087700000, 0x0000000087600000| Untracked 
|  55|0x0000000087700000, 0x0000000087800000, 0x0000000087800000|100%| O|  |TAMS 0x0000000087800000, 0x0000000087700000| Untracked 
|  56|0x0000000087800000, 0x0000000087900000, 0x0000000087900000|100%|HS|  |TAMS 0x0000000087900000, 0x0000000087800000| Complete 
|  57|0x0000000087900000, 0x0000000087a00000, 0x0000000087a00000|100%|HC|  |TAMS 0x0000000087a00000, 0x0000000087900000| Complete 
|  58|0x0000000087a00000, 0x0000000087b00000, 0x0000000087b00000|100%| O|  |TAMS 0x0000000087b00000, 0x0000000087a00000| Untracked 
|  59|0x0000000087b00000, 0x0000000087c00000, 0x0000000087c00000|100%| O|  |TAMS 0x0000000087c00000, 0x0000000087b00000| Untracked 
|  60|0x0000000087c00000, 0x0000000087d00000, 0x0000000087d00000|100%| O|  |TAMS 0x0000000087d00000, 0x0000000087c00000| Untracked 
|  61|0x0000000087d00000, 0x0000000087e00000, 0x0000000087e00000|100%| O|  |TAMS 0x0000000087e00000, 0x0000000087d00000| Untracked 
|  62|0x0000000087e00000, 0x0000000087f00000, 0x0000000087f00000|100%| O|  |TAMS 0x0000000087f00000, 0x0000000087e00000| Untracked 
|  63|0x0000000087f00000, 0x0000000088000000, 0x0000000088000000|100%| O|  |TAMS 0x0000000088000000, 0x0000000087f00000| Untracked 
|  64|0x0000000088000000, 0x0000000088100000, 0x0000000088100000|100%| O|  |TAMS 0x0000000088100000, 0x0000000088000000| Untracked 
|  65|0x0000000088100000, 0x0000000088200000, 0x0000000088200000|100%| O|  |TAMS 0x0000000088200000, 0x0000000088100000| Untracked 
|  66|0x0000000088200000, 0x0000000088300000, 0x0000000088300000|100%| O|  |TAMS 0x00000000882f8c00, 0x0000000088200000| Untracked 
|  67|0x0000000088300000, 0x0000000088400000, 0x0000000088400000|100%| O|  |TAMS 0x0000000088300000, 0x0000000088300000| Untracked 
|  68|0x0000000088400000, 0x0000000088500000, 0x0000000088500000|100%| O|  |TAMS 0x0000000088400000, 0x0000000088400000| Untracked 
|  69|0x0000000088500000, 0x0000000088600000, 0x0000000088600000|100%| O|  |TAMS 0x0000000088500000, 0x0000000088500000| Untracked 
|  70|0x0000000088600000, 0x0000000088700000, 0x0000000088700000|100%| O|  |TAMS 0x0000000088600000, 0x0000000088600000| Untracked 
|  71|0x0000000088700000, 0x0000000088787400, 0x0000000088800000| 52%| O|  |TAMS 0x0000000088700000, 0x0000000088700000| Untracked 
|  72|0x0000000088800000, 0x0000000088800000, 0x0000000088900000|  0%| F|  |TAMS 0x0000000088800000, 0x0000000088800000| Untracked 
|  73|0x0000000088900000, 0x0000000088900000, 0x0000000088a00000|  0%| F|  |TAMS 0x0000000088900000, 0x0000000088900000| Untracked 
|  74|0x0000000088a00000, 0x0000000088a00000, 0x0000000088b00000|  0%| F|  |TAMS 0x0000000088a00000, 0x0000000088a00000| Untracked 
|  75|0x0000000088b00000, 0x0000000088b00000, 0x0000000088c00000|  0%| F|  |TAMS 0x0000000088b00000, 0x0000000088b00000| Untracked 
|  76|0x0000000088c00000, 0x0000000088c00000, 0x0000000088d00000|  0%| F|  |TAMS 0x0000000088c00000, 0x0000000088c00000| Untracked 
|  77|0x0000000088d00000, 0x0000000088d00000, 0x0000000088e00000|  0%| F|  |TAMS 0x0000000088d00000, 0x0000000088d00000| Untracked 
|  78|0x0000000088e00000, 0x0000000088e00000, 0x0000000088f00000|  0%| F|  |TAMS 0x0000000088e00000, 0x0000000088e00000| Untracked 
|  79|0x0000000088f00000, 0x0000000088f00000, 0x0000000089000000|  0%| F|  |TAMS 0x0000000088f00000, 0x0000000088f00000| Untracked 
|  80|0x0000000089000000, 0x0000000089000000, 0x0000000089100000|  0%| F|  |TAMS 0x0000000089000000, 0x0000000089000000| Untracked 
|  81|0x0000000089100000, 0x0000000089100000, 0x0000000089200000|  0%| F|  |TAMS 0x0000000089100000, 0x0000000089100000| Untracked 
|  82|0x0000000089200000, 0x0000000089200000, 0x0000000089300000|  0%| F|  |TAMS 0x0000000089200000, 0x0000000089200000| Untracked 
|  83|0x0000000089300000, 0x0000000089300000, 0x0000000089400000|  0%| F|  |TAMS 0x0000000089300000, 0x0000000089300000| Untracked 
|  84|0x0000000089400000, 0x0000000089400000, 0x0000000089500000|  0%| F|  |TAMS 0x0000000089400000, 0x0000000089400000| Untracked 
|  85|0x0000000089500000, 0x0000000089500000, 0x0000000089600000|  0%| F|  |TAMS 0x0000000089500000, 0x0000000089500000| Untracked 
|  86|0x0000000089600000, 0x0000000089600000, 0x0000000089700000|  0%| F|  |TAMS 0x0000000089600000, 0x0000000089600000| Untracked 
|  87|0x0000000089700000, 0x0000000089700000, 0x0000000089800000|  0%| F|  |TAMS 0x0000000089700000, 0x0000000089700000| Untracked 
|  88|0x0000000089800000, 0x0000000089852968, 0x0000000089900000| 32%| S|CS|TAMS 0x0000000089800000, 0x0000000089800000| Complete 
|  89|0x0000000089900000, 0x0000000089a00000, 0x0000000089a00000|100%| S|CS|TAMS 0x0000000089900000, 0x0000000089900000| Complete 
|  90|0x0000000089a00000, 0x0000000089b00000, 0x0000000089b00000|100%| S|CS|TAMS 0x0000000089a00000, 0x0000000089a00000| Complete 
|  91|0x0000000089b00000, 0x0000000089c00000, 0x0000000089c00000|100%| S|CS|TAMS 0x0000000089b00000, 0x0000000089b00000| Complete 
|  92|0x0000000089c00000, 0x0000000089c00000, 0x0000000089d00000|  0%| F|  |TAMS 0x0000000089c00000, 0x0000000089c00000| Untracked 
|  93|0x0000000089d00000, 0x0000000089d00000, 0x0000000089e00000|  0%| F|  |TAMS 0x0000000089d00000, 0x0000000089d00000| Untracked 
|  94|0x0000000089e00000, 0x0000000089e00000, 0x0000000089f00000|  0%| F|  |TAMS 0x0000000089e00000, 0x0000000089e00000| Untracked 
|  95|0x0000000089f00000, 0x0000000089f00000, 0x000000008a000000|  0%| F|  |TAMS 0x0000000089f00000, 0x0000000089f00000| Untracked 
|  96|0x000000008a000000, 0x000000008a000000, 0x000000008a100000|  0%| F|  |TAMS 0x000000008a000000, 0x000000008a000000| Untracked 
|  97|0x000000008a100000, 0x000000008a100000, 0x000000008a200000|  0%| F|  |TAMS 0x000000008a100000, 0x000000008a100000| Untracked 
|  98|0x000000008a200000, 0x000000008a200000, 0x000000008a300000|  0%| F|  |TAMS 0x000000008a200000, 0x000000008a200000| Untracked 
|  99|0x000000008a300000, 0x000000008a300000, 0x000000008a400000|  0%| F|  |TAMS 0x000000008a300000, 0x000000008a300000| Untracked 
| 100|0x000000008a400000, 0x000000008a400000, 0x000000008a500000|  0%| F|  |TAMS 0x000000008a400000, 0x000000008a400000| Untracked 
| 101|0x000000008a500000, 0x000000008a500000, 0x000000008a600000|  0%| F|  |TAMS 0x000000008a500000, 0x000000008a500000| Untracked 
| 102|0x000000008a600000, 0x000000008a600000, 0x000000008a700000|  0%| F|  |TAMS 0x000000008a600000, 0x000000008a600000| Untracked 
| 103|0x000000008a700000, 0x000000008a700000, 0x000000008a800000|  0%| F|  |TAMS 0x000000008a700000, 0x000000008a700000| Untracked 
| 104|0x000000008a800000, 0x000000008a800000, 0x000000008a900000|  0%| F|  |TAMS 0x000000008a800000, 0x000000008a800000| Untracked 
| 105|0x000000008a900000, 0x000000008a900000, 0x000000008aa00000|  0%| F|  |TAMS 0x000000008a900000, 0x000000008a900000| Untracked 
| 106|0x000000008aa00000, 0x000000008aa00000, 0x000000008ab00000|  0%| F|  |TAMS 0x000000008aa00000, 0x000000008aa00000| Untracked 
| 107|0x000000008ab00000, 0x000000008ab00000, 0x000000008ac00000|  0%| F|  |TAMS 0x000000008ab00000, 0x000000008ab00000| Untracked 
| 108|0x000000008ac00000, 0x000000008ac00000, 0x000000008ad00000|  0%| F|  |TAMS 0x000000008ac00000, 0x000000008ac00000| Untracked 
| 109|0x000000008ad00000, 0x000000008ad00000, 0x000000008ae00000|  0%| F|  |TAMS 0x000000008ad00000, 0x000000008ad00000| Untracked 
| 110|0x000000008ae00000, 0x000000008ae00000, 0x000000008af00000|  0%| F|  |TAMS 0x000000008ae00000, 0x000000008ae00000| Untracked 
| 111|0x000000008af00000, 0x000000008af00000, 0x000000008b000000|  0%| F|  |TAMS 0x000000008af00000, 0x000000008af00000| Untracked 
| 112|0x000000008b000000, 0x000000008b000000, 0x000000008b100000|  0%| F|  |TAMS 0x000000008b000000, 0x000000008b000000| Untracked 
| 113|0x000000008b100000, 0x000000008b100000, 0x000000008b200000|  0%| F|  |TAMS 0x000000008b100000, 0x000000008b100000| Untracked 
| 114|0x000000008b200000, 0x000000008b200000, 0x000000008b300000|  0%| F|  |TAMS 0x000000008b200000, 0x000000008b200000| Untracked 
| 115|0x000000008b300000, 0x000000008b300000, 0x000000008b400000|  0%| F|  |TAMS 0x000000008b300000, 0x000000008b300000| Untracked 
| 116|0x000000008b400000, 0x000000008b400000, 0x000000008b500000|  0%| F|  |TAMS 0x000000008b400000, 0x000000008b400000| Untracked 
| 117|0x000000008b500000, 0x000000008b500000, 0x000000008b600000|  0%| F|  |TAMS 0x000000008b500000, 0x000000008b500000| Untracked 
| 118|0x000000008b600000, 0x000000008b600000, 0x000000008b700000|  0%| F|  |TAMS 0x000000008b600000, 0x000000008b600000| Untracked 
| 119|0x000000008b700000, 0x000000008b700000, 0x000000008b800000|  0%| F|  |TAMS 0x000000008b700000, 0x000000008b700000| Untracked 
| 120|0x000000008b800000, 0x000000008b800000, 0x000000008b900000|  0%| F|  |TAMS 0x000000008b800000, 0x000000008b800000| Untracked 
| 121|0x000000008b900000, 0x000000008b900000, 0x000000008ba00000|  0%| F|  |TAMS 0x000000008b900000, 0x000000008b900000| Untracked 
| 122|0x000000008ba00000, 0x000000008ba00000, 0x000000008bb00000|  0%| F|  |TAMS 0x000000008ba00000, 0x000000008ba00000| Untracked 
| 123|0x000000008bb00000, 0x000000008bb00000, 0x000000008bc00000|  0%| F|  |TAMS 0x000000008bb00000, 0x000000008bb00000| Untracked 
| 124|0x000000008bc00000, 0x000000008bc00000, 0x000000008bd00000|  0%| F|  |TAMS 0x000000008bc00000, 0x000000008bc00000| Untracked 
| 125|0x000000008bd00000, 0x000000008bd00000, 0x000000008be00000|  0%| F|  |TAMS 0x000000008bd00000, 0x000000008bd00000| Untracked 
| 126|0x000000008be00000, 0x000000008be00000, 0x000000008bf00000|  0%| F|  |TAMS 0x000000008be00000, 0x000000008be00000| Untracked 
| 127|0x000000008bf00000, 0x000000008bf00000, 0x000000008c000000|  0%| F|  |TAMS 0x000000008bf00000, 0x000000008bf00000| Untracked 
| 128|0x000000008c000000, 0x000000008c000000, 0x000000008c100000|  0%| F|  |TAMS 0x000000008c000000, 0x000000008c000000| Untracked 
| 129|0x000000008c100000, 0x000000008c100000, 0x000000008c200000|  0%| F|  |TAMS 0x000000008c100000, 0x000000008c100000| Untracked 
| 130|0x000000008c200000, 0x000000008c200000, 0x000000008c300000|  0%| F|  |TAMS 0x000000008c200000, 0x000000008c200000| Untracked 
| 131|0x000000008c300000, 0x000000008c300000, 0x000000008c400000|  0%| F|  |TAMS 0x000000008c300000, 0x000000008c300000| Untracked 
| 132|0x000000008c400000, 0x000000008c400000, 0x000000008c500000|  0%| F|  |TAMS 0x000000008c400000, 0x000000008c400000| Untracked 
| 133|0x000000008c500000, 0x000000008c500000, 0x000000008c600000|  0%| F|  |TAMS 0x000000008c500000, 0x000000008c500000| Untracked 
| 134|0x000000008c600000, 0x000000008c600000, 0x000000008c700000|  0%| F|  |TAMS 0x000000008c600000, 0x000000008c600000| Untracked 
| 135|0x000000008c700000, 0x000000008c700000, 0x000000008c800000|  0%| F|  |TAMS 0x000000008c700000, 0x000000008c700000| Untracked 
| 136|0x000000008c800000, 0x000000008c800000, 0x000000008c900000|  0%| F|  |TAMS 0x000000008c800000, 0x000000008c800000| Untracked 
| 137|0x000000008c900000, 0x000000008c900000, 0x000000008ca00000|  0%| F|  |TAMS 0x000000008c900000, 0x000000008c900000| Untracked 
| 138|0x000000008ca00000, 0x000000008ca00000, 0x000000008cb00000|  0%| F|  |TAMS 0x000000008ca00000, 0x000000008ca00000| Untracked 
| 139|0x000000008cb00000, 0x000000008cb00000, 0x000000008cc00000|  0%| F|  |TAMS 0x000000008cb00000, 0x000000008cb00000| Untracked 
| 140|0x000000008cc00000, 0x000000008cc00000, 0x000000008cd00000|  0%| F|  |TAMS 0x000000008cc00000, 0x000000008cc00000| Untracked 
| 141|0x000000008cd00000, 0x000000008cd00000, 0x000000008ce00000|  0%| F|  |TAMS 0x000000008cd00000, 0x000000008cd00000| Untracked 
| 142|0x000000008ce00000, 0x000000008ce00000, 0x000000008cf00000|  0%| F|  |TAMS 0x000000008ce00000, 0x000000008ce00000| Untracked 
| 143|0x000000008cf00000, 0x000000008cf00000, 0x000000008d000000|  0%| F|  |TAMS 0x000000008cf00000, 0x000000008cf00000| Untracked 
| 144|0x000000008d000000, 0x000000008d000000, 0x000000008d100000|  0%| F|  |TAMS 0x000000008d000000, 0x000000008d000000| Untracked 
| 145|0x000000008d100000, 0x000000008d100000, 0x000000008d200000|  0%| F|  |TAMS 0x000000008d100000, 0x000000008d100000| Untracked 
| 146|0x000000008d200000, 0x000000008d200000, 0x000000008d300000|  0%| F|  |TAMS 0x000000008d200000, 0x000000008d200000| Untracked 
| 147|0x000000008d300000, 0x000000008d300000, 0x000000008d400000|  0%| F|  |TAMS 0x000000008d300000, 0x000000008d300000| Untracked 
| 148|0x000000008d400000, 0x000000008d400000, 0x000000008d500000|  0%| F|  |TAMS 0x000000008d400000, 0x000000008d400000| Untracked 
| 149|0x000000008d500000, 0x000000008d500000, 0x000000008d600000|  0%| F|  |TAMS 0x000000008d500000, 0x000000008d500000| Untracked 
| 150|0x000000008d600000, 0x000000008d600000, 0x000000008d700000|  0%| F|  |TAMS 0x000000008d600000, 0x000000008d600000| Untracked 
| 151|0x000000008d700000, 0x000000008d700000, 0x000000008d800000|  0%| F|  |TAMS 0x000000008d700000, 0x000000008d700000| Untracked 
| 152|0x000000008d800000, 0x000000008d800000, 0x000000008d900000|  0%| F|  |TAMS 0x000000008d800000, 0x000000008d800000| Untracked 
| 153|0x000000008d900000, 0x000000008d900000, 0x000000008da00000|  0%| F|  |TAMS 0x000000008d900000, 0x000000008d900000| Untracked 
| 154|0x000000008da00000, 0x000000008da00000, 0x000000008db00000|  0%| F|  |TAMS 0x000000008da00000, 0x000000008da00000| Untracked 
| 155|0x000000008db00000, 0x000000008db00000, 0x000000008dc00000|  0%| F|  |TAMS 0x000000008db00000, 0x000000008db00000| Untracked 
| 156|0x000000008dc00000, 0x000000008dc00000, 0x000000008dd00000|  0%| F|  |TAMS 0x000000008dc00000, 0x000000008dc00000| Untracked 
| 157|0x000000008dd00000, 0x000000008dd00000, 0x000000008de00000|  0%| F|  |TAMS 0x000000008dd00000, 0x000000008dd00000| Untracked 
| 158|0x000000008de00000, 0x000000008de00000, 0x000000008df00000|  0%| F|  |TAMS 0x000000008de00000, 0x000000008de00000| Untracked 
| 159|0x000000008df00000, 0x000000008df00000, 0x000000008e000000|  0%| F|  |TAMS 0x000000008df00000, 0x000000008df00000| Untracked 
| 160|0x000000008e000000, 0x000000008e000000, 0x000000008e100000|  0%| F|  |TAMS 0x000000008e000000, 0x000000008e000000| Untracked 
| 161|0x000000008e100000, 0x000000008e100000, 0x000000008e200000|  0%| F|  |TAMS 0x000000008e100000, 0x000000008e100000| Untracked 
| 162|0x000000008e200000, 0x000000008e200000, 0x000000008e300000|  0%| F|  |TAMS 0x000000008e200000, 0x000000008e200000| Untracked 
| 163|0x000000008e300000, 0x000000008e300000, 0x000000008e400000|  0%| F|  |TAMS 0x000000008e300000, 0x000000008e300000| Untracked 
| 164|0x000000008e400000, 0x000000008e400000, 0x000000008e500000|  0%| F|  |TAMS 0x000000008e400000, 0x000000008e400000| Untracked 
| 165|0x000000008e500000, 0x000000008e500000, 0x000000008e600000|  0%| F|  |TAMS 0x000000008e500000, 0x000000008e500000| Untracked 
| 166|0x000000008e600000, 0x000000008e600000, 0x000000008e700000|  0%| F|  |TAMS 0x000000008e600000, 0x000000008e600000| Untracked 
| 167|0x000000008e700000, 0x000000008e700000, 0x000000008e800000|  0%| F|  |TAMS 0x000000008e700000, 0x000000008e700000| Untracked 
| 168|0x000000008e800000, 0x000000008e800000, 0x000000008e900000|  0%| F|  |TAMS 0x000000008e800000, 0x000000008e800000| Untracked 
| 169|0x000000008e900000, 0x000000008e900000, 0x000000008ea00000|  0%| F|  |TAMS 0x000000008e900000, 0x000000008e900000| Untracked 
| 170|0x000000008ea00000, 0x000000008ea00000, 0x000000008eb00000|  0%| F|  |TAMS 0x000000008ea00000, 0x000000008ea00000| Untracked 
| 171|0x000000008eb00000, 0x000000008eb00000, 0x000000008ec00000|  0%| F|  |TAMS 0x000000008eb00000, 0x000000008eb00000| Untracked 
| 172|0x000000008ec00000, 0x000000008ec00000, 0x000000008ed00000|  0%| F|  |TAMS 0x000000008ec00000, 0x000000008ec00000| Untracked 
| 173|0x000000008ed00000, 0x000000008ed00000, 0x000000008ee00000|  0%| F|  |TAMS 0x000000008ed00000, 0x000000008ed00000| Untracked 
| 174|0x000000008ee00000, 0x000000008ee00000, 0x000000008ef00000|  0%| F|  |TAMS 0x000000008ee00000, 0x000000008ee00000| Untracked 
| 175|0x000000008ef00000, 0x000000008ef80800, 0x000000008f000000| 50%| E|  |TAMS 0x000000008ef00000, 0x000000008ef00000| Complete 
| 176|0x000000008f000000, 0x000000008f100000, 0x000000008f100000|100%| E|CS|TAMS 0x000000008f000000, 0x000000008f000000| Complete 
| 177|0x000000008f100000, 0x000000008f200000, 0x000000008f200000|100%| E|CS|TAMS 0x000000008f100000, 0x000000008f100000| Complete 
| 178|0x000000008f200000, 0x000000008f300000, 0x000000008f300000|100%| E|CS|TAMS 0x000000008f200000, 0x000000008f200000| Complete 
| 179|0x000000008f300000, 0x000000008f400000, 0x000000008f400000|100%| E|CS|TAMS 0x000000008f300000, 0x000000008f300000| Complete 
| 180|0x000000008f400000, 0x000000008f500000, 0x000000008f500000|100%| E|CS|TAMS 0x000000008f400000, 0x000000008f400000| Complete 
| 181|0x000000008f500000, 0x000000008f600000, 0x000000008f600000|100%| E|CS|TAMS 0x000000008f500000, 0x000000008f500000| Complete 
| 182|0x000000008f600000, 0x000000008f700000, 0x000000008f700000|100%| E|CS|TAMS 0x000000008f600000, 0x000000008f600000| Complete 
| 183|0x000000008f700000, 0x000000008f800000, 0x000000008f800000|100%| E|CS|TAMS 0x000000008f700000, 0x000000008f700000| Complete 
| 184|0x000000008f800000, 0x000000008f900000, 0x000000008f900000|100%| E|CS|TAMS 0x000000008f800000, 0x000000008f800000| Complete 
| 185|0x000000008f900000, 0x000000008fa00000, 0x000000008fa00000|100%| E|CS|TAMS 0x000000008f900000, 0x000000008f900000| Complete 
| 186|0x000000008fa00000, 0x000000008fb00000, 0x000000008fb00000|100%| E|CS|TAMS 0x000000008fa00000, 0x000000008fa00000| Complete 
| 187|0x000000008fb00000, 0x000000008fc00000, 0x000000008fc00000|100%| E|CS|TAMS 0x000000008fb00000, 0x000000008fb00000| Complete 
| 188|0x000000008fc00000, 0x000000008fd00000, 0x000000008fd00000|100%| E|CS|TAMS 0x000000008fc00000, 0x000000008fc00000| Complete 
| 189|0x000000008fd00000, 0x000000008fe00000, 0x000000008fe00000|100%| E|CS|TAMS 0x000000008fd00000, 0x000000008fd00000| Complete 

Card table byte_map: [0x0000020a67600000,0x0000020a679e0000] _byte_map_base: 0x0000020a671e0000

Marking Bits (Prev, Next): (CMBitMap*) 0x0000020a4fc75ce0, (CMBitMap*) 0x0000020a4fc75ca0
 Prev Bits: [0x0000020a69cc0000, 0x0000020a6bbc0000)
 Next Bits: [0x0000020a67dc0000, 0x0000020a69cc0000)

Polling page: 0x0000020a4e3b0000

Metaspace:

Usage:
  Non-class:     48.27 MB used.
      Class:      6.19 MB used.
       Both:     54.46 MB used.

Virtual space:
  Non-class space:       56.00 MB reserved,      48.38 MB ( 86%) committed,  7 nodes.
      Class space:        1.00 GB reserved,       6.31 MB ( <1%) committed,  1 nodes.
             Both:        1.05 GB reserved,      54.69 MB (  5%) committed. 

Chunk freelists:
   Non-Class:  2.50 MB
       Class:  1.69 MB
        Both:  4.19 MB

MaxMetaspaceSize: unlimited
CompressedClassSpaceSize: 1.00 GB
Initial GC threshold: 21.00 MB
Current GC threshold: 89.50 MB
CDS: on
MetaspaceReclaimPolicy: balanced
 - commit_granule_bytes: 65536.
 - commit_granule_words: 8192.
 - virtual_space_node_default_size: 1048576.
 - enlarge_chunks_in_place: 1.
 - new_chunks_are_fully_committed: 0.
 - uncommit_free_chunks: 1.
 - use_allocation_guard: 0.
 - handle_deallocations: 1.


Internal statistics:

num_allocs_failed_limit: 6.
num_arena_births: 306.
num_arena_deaths: 0.
num_vsnodes_births: 8.
num_vsnodes_deaths: 0.
num_space_committed: 873.
num_space_uncommitted: 0.
num_chunks_returned_to_freelist: 6.
num_chunks_taken_from_freelist: 2411.
num_chunk_merges: 6.
num_chunk_splits: 1845.
num_chunks_enlarged: 1592.
num_purges: 0.
num_inconsistent_stats: 0.

CodeHeap 'non-profiled nmethods': size=120000Kb used=7774Kb max_used=7774Kb free=112225Kb
 bounds [0x0000020a5f290000, 0x0000020a5fa30000, 0x0000020a667c0000]
CodeHeap 'profiled nmethods': size=120000Kb used=31351Kb max_used=31351Kb free=88648Kb
 bounds [0x0000020a57d60000, 0x0000020a59c00000, 0x0000020a5f290000]
CodeHeap 'non-nmethods': size=5760Kb used=1309Kb max_used=1391Kb free=4450Kb
 bounds [0x0000020a577c0000, 0x0000020a57a30000, 0x0000020a57d60000]
 total_blobs=10916 nmethods=10311 adapters=515
 compilation: enabled
              stopped_count=0, restarted_count=0
 full_count=0

Compilation events (20 events):
Event: 39.065 Thread 0x0000020a6f013dc0 12468       3       org.jetbrains.kotlin.com.intellij.psi.impl.source.ClassInnerStuffCache::findInnerClassByName (40 bytes)
Event: 39.066 Thread 0x0000020a6f013dc0 nmethod 12468 0x0000020a59be5210 code [0x0000020a59be5440, 0x0000020a59be5d78]
Event: 39.066 Thread 0x0000020a6f013dc0 12469       3       org.jetbrains.kotlin.com.intellij.psi.impl.source.ClassInnerStuffCache$$Lambda$368/0x000000080118a300::<init> (10 bytes)
Event: 39.067 Thread 0x0000020a6f013dc0 nmethod 12469 0x0000020a59be6010 code [0x0000020a59be61a0, 0x0000020a59be6358]
Event: 39.067 Thread 0x0000020a6f013dc0 12470       3       org.jetbrains.kotlin.com.intellij.psi.impl.source.FileTrees::derefStub (11 bytes)
Event: 39.067 Thread 0x0000020a6f013dc0 nmethod 12470 0x0000020a59be6410 code [0x0000020a59be65c0, 0x0000020a59be6948]
Event: 39.073 Thread 0x0000020a6f013dc0 12473       3       java.util.stream.AbstractPipeline::wrapAndCopyInto (18 bytes)
Event: 39.073 Thread 0x0000020a6f013dc0 nmethod 12473 0x0000020a59be6a90 code [0x0000020a59be6c60, 0x0000020a59be7068]
Event: 39.073 Thread 0x0000020a6f013dc0 12474       3       java.util.stream.AbstractPipeline::wrapSink (37 bytes)
Event: 39.074 Thread 0x0000020a6f013dc0 nmethod 12474 0x0000020a59be7210 code [0x0000020a59be73e0, 0x0000020a59be77f8]
Event: 39.074 Thread 0x0000020a6f013dc0 12475       3       java.util.stream.AbstractPipeline::copyInto (54 bytes)
Event: 39.074 Thread 0x0000020a6f013dc0 nmethod 12475 0x0000020a59be7990 code [0x0000020a59be7bc0, 0x0000020a59be82f8]
Event: 39.074 Thread 0x0000020a6f013dc0 12476       3       java.util.Spliterator::getExactSizeIfKnown (25 bytes)
Event: 39.075 Thread 0x0000020a6f013dc0 nmethod 12476 0x0000020a59be8510 code [0x0000020a59be86c0, 0x0000020a59be89b8]
Event: 39.075 Thread 0x0000020a6f013dc0 12478       3       org.jetbrains.kotlin.com.intellij.util.containers.ContainerUtil::exists (60 bytes)
Event: 39.076 Thread 0x0000020a6f013dc0 nmethod 12478 0x0000020a59be8a90 code [0x0000020a59be8ca0, 0x0000020a59be92b8]
Event: 39.076 Thread 0x0000020a6f013dc0 12477       3       org.jetbrains.kotlin.com.intellij.codeInsight.AnnotationUtil$$Lambda$364/0x0000000801189458::<init> (10 bytes)
Event: 39.076 Thread 0x0000020a6f013dc0 nmethod 12477 0x0000020a59be9490 code [0x0000020a59be9620, 0x0000020a59be97d8]
Event: 39.077 Thread 0x0000020a6f013dc0 12479       3       org.jetbrains.kotlin.load.java.structure.impl.JavaElementImpl::equals (41 bytes)
Event: 39.077 Thread 0x0000020a6f013dc0 nmethod 12479 0x0000020a59be9890 code [0x0000020a59be9a60, 0x0000020a59be9f48]

GC Heap History (20 events):
Event: 23.293 GC heap before
{Heap before GC invocations=21 (full 0):
 garbage-first heap   total 102400K, used 80187K [0x0000000084000000, 0x0000000100000000)
  region size 1024K, 27 young (27648K), 4 survivors (4096K)
 Metaspace       used 52160K, committed 52416K, reserved 1097728K
  class space    used 6026K, committed 6144K, reserved 1048576K
}
Event: 23.317 GC heap after
{Heap after GC invocations=22 (full 0):
 garbage-first heap   total 102400K, used 59310K [0x0000000084000000, 0x0000000100000000)
  region size 1024K, 3 young (3072K), 3 survivors (3072K)
 Metaspace       used 52160K, committed 52416K, reserved 1097728K
  class space    used 6026K, committed 6144K, reserved 1048576K
}
Event: 24.925 GC heap before
{Heap before GC invocations=23 (full 0):
 garbage-first heap   total 106496K, used 82862K [0x0000000084000000, 0x0000000100000000)
  region size 1024K, 24 young (24576K), 3 survivors (3072K)
 Metaspace       used 53027K, committed 53376K, reserved 1097728K
  class space    used 6095K, committed 6272K, reserved 1048576K
}
Event: 24.943 GC heap after
{Heap after GC invocations=24 (full 0):
 garbage-first heap   total 106496K, used 63693K [0x0000000084000000, 0x0000000100000000)
  region size 1024K, 3 young (3072K), 3 survivors (3072K)
 Metaspace       used 53027K, committed 53376K, reserved 1097728K
  class space    used 6095K, committed 6272K, reserved 1048576K
}
Event: 25.092 GC heap before
{Heap before GC invocations=24 (full 0):
 garbage-first heap   total 106496K, used 65741K [0x0000000084000000, 0x0000000100000000)
  region size 1024K, 5 young (5120K), 3 survivors (3072K)
 Metaspace       used 53048K, committed 53376K, reserved 1097728K
  class space    used 6095K, committed 6272K, reserved 1048576K
}
Event: 25.104 GC heap after
{Heap after GC invocations=25 (full 0):
 garbage-first heap   total 106496K, used 63707K [0x0000000084000000, 0x0000000100000000)
  region size 1024K, 1 young (1024K), 1 survivors (1024K)
 Metaspace       used 53048K, committed 53376K, reserved 1097728K
  class space    used 6095K, committed 6272K, reserved 1048576K
}
Event: 26.772 GC heap before
{Heap before GC invocations=25 (full 0):
 garbage-first heap   total 106496K, used 85211K [0x0000000084000000, 0x0000000100000000)
  region size 1024K, 22 young (22528K), 1 survivors (1024K)
 Metaspace       used 53927K, committed 54208K, reserved 1097728K
  class space    used 6203K, committed 6336K, reserved 1048576K
}
Event: 26.784 GC heap after
{Heap after GC invocations=26 (full 0):
 garbage-first heap   total 106496K, used 65807K [0x0000000084000000, 0x0000000100000000)
  region size 1024K, 3 young (3072K), 3 survivors (3072K)
 Metaspace       used 53927K, committed 54208K, reserved 1097728K
  class space    used 6203K, committed 6336K, reserved 1048576K
}
Event: 28.602 GC heap before
{Heap before GC invocations=27 (full 0):
 garbage-first heap   total 114688K, used 87311K [0x0000000084000000, 0x0000000100000000)
  region size 1024K, 23 young (23552K), 3 survivors (3072K)
 Metaspace       used 54148K, committed 54464K, reserved 1105920K
  class space    used 6218K, committed 6336K, reserved 1048576K
}
Event: 28.616 GC heap after
{Heap after GC invocations=28 (full 0):
 garbage-first heap   total 114688K, used 68246K [0x0000000084000000, 0x0000000100000000)
  region size 1024K, 3 young (3072K), 3 survivors (3072K)
 Metaspace       used 54148K, committed 54464K, reserved 1105920K
  class space    used 6218K, committed 6336K, reserved 1048576K
}
Event: 28.993 GC heap before
{Heap before GC invocations=28 (full 0):
 garbage-first heap   total 114688K, used 70294K [0x0000000084000000, 0x0000000100000000)
  region size 1024K, 5 young (5120K), 3 survivors (3072K)
 Metaspace       used 54167K, committed 54464K, reserved 1105920K
  class space    used 6218K, committed 6336K, reserved 1048576K
}
Event: 29.005 GC heap after
{Heap after GC invocations=29 (full 0):
 garbage-first heap   total 114688K, used 67983K [0x0000000084000000, 0x0000000100000000)
  region size 1024K, 1 young (1024K), 1 survivors (1024K)
 Metaspace       used 54167K, committed 54464K, reserved 1105920K
  class space    used 6218K, committed 6336K, reserved 1048576K
}
Event: 32.325 GC heap before
{Heap before GC invocations=29 (full 0):
 garbage-first heap   total 114688K, used 92559K [0x0000000084000000, 0x0000000100000000)
  region size 1024K, 25 young (25600K), 1 survivors (1024K)
 Metaspace       used 54620K, committed 54976K, reserved 1105920K
  class space    used 6246K, committed 6400K, reserved 1048576K
}
Event: 32.336 GC heap after
{Heap after GC invocations=30 (full 0):
 garbage-first heap   total 114688K, used 69731K [0x0000000084000000, 0x0000000100000000)
  region size 1024K, 3 young (3072K), 3 survivors (3072K)
 Metaspace       used 54620K, committed 54976K, reserved 1105920K
  class space    used 6246K, committed 6400K, reserved 1048576K
}
Event: 35.020 GC heap before
{Heap before GC invocations=31 (full 0):
 garbage-first heap   total 122880K, used 93283K [0x0000000084000000, 0x0000000100000000)
  region size 1024K, 26 young (26624K), 3 survivors (3072K)
 Metaspace       used 54805K, committed 55104K, reserved 1105920K
  class space    used 6251K, committed 6400K, reserved 1048576K
}
Event: 35.039 GC heap after
{Heap after GC invocations=32 (full 0):
 garbage-first heap   total 122880K, used 72560K [0x0000000084000000, 0x0000000100000000)
  region size 1024K, 4 young (4096K), 4 survivors (4096K)
 Metaspace       used 54805K, committed 55104K, reserved 1105920K
  class space    used 6251K, committed 6400K, reserved 1048576K
}
Event: 35.217 GC heap before
{Heap before GC invocations=32 (full 0):
 garbage-first heap   total 122880K, used 74608K [0x0000000084000000, 0x0000000100000000)
  region size 1024K, 6 young (6144K), 4 survivors (4096K)
 Metaspace       used 54814K, committed 55104K, reserved 1105920K
  class space    used 6251K, committed 6400K, reserved 1048576K
}
Event: 35.237 GC heap after
{Heap after GC invocations=33 (full 0):
 garbage-first heap   total 122880K, used 72916K [0x0000000084000000, 0x0000000100000000)
  region size 1024K, 1 young (1024K), 1 survivors (1024K)
 Metaspace       used 54814K, committed 55104K, reserved 1105920K
  class space    used 6251K, committed 6400K, reserved 1048576K
}
Event: 38.033 GC heap before
{Heap before GC invocations=33 (full 0):
 garbage-first heap   total 122880K, used 100564K [0x0000000084000000, 0x0000000100000000)
  region size 1024K, 28 young (28672K), 1 survivors (1024K)
 Metaspace       used 55110K, committed 55360K, reserved 1105920K
  class space    used 6271K, committed 6400K, reserved 1048576K
}
Event: 38.049 GC heap after
{Heap after GC invocations=34 (full 0):
 garbage-first heap   total 194560K, used 75623K [0x0000000084000000, 0x0000000100000000)
  region size 1024K, 4 young (4096K), 4 survivors (4096K)
 Metaspace       used 55110K, committed 55360K, reserved 1105920K
  class space    used 6271K, committed 6400K, reserved 1048576K
}

Dll operation events (7 events):
Event: 0.052 Loaded shared library C:\Program Files\Eclipse Adoptium\jdk-17.0.5.8-hotspot\bin\java.dll
Event: 0.072 Loaded shared library C:\Program Files\Eclipse Adoptium\jdk-17.0.5.8-hotspot\bin\jsvml.dll
Event: 0.171 Loaded shared library C:\Program Files\Eclipse Adoptium\jdk-17.0.5.8-hotspot\bin\net.dll
Event: 0.177 Loaded shared library C:\Program Files\Eclipse Adoptium\jdk-17.0.5.8-hotspot\bin\nio.dll
Event: 0.235 Loaded shared library C:\Program Files\Eclipse Adoptium\jdk-17.0.5.8-hotspot\bin\zip.dll
Event: 0.298 Loaded shared library C:\Program Files\Eclipse Adoptium\jdk-17.0.5.8-hotspot\bin\jimage.dll
Event: 2.329 Loaded shared library C:\Program Files\Eclipse Adoptium\jdk-17.0.5.8-hotspot\bin\verify.dll

Deoptimization events (20 events):
Event: 38.231 Thread 0x0000020a4fc1b8e0 Uncommon trap: trap_request=0xffffffc6 fr.pc=0x0000020a5f801d3c relative=0x0000000000001fdc
Event: 38.231 Thread 0x0000020a4fc1b8e0 Uncommon trap: reason=bimorphic_or_optimized_type_check action=maybe_recompile pc=0x0000020a5f801d3c method=org.jetbrains.org.objectweb.asm.ClassReader.readElementValue(Lorg/jetbrains/org/objectweb/asm/AnnotationVisitor;ILjava/lang/String;[C)I @ 556 c2
Event: 38.231 Thread 0x0000020a4fc1b8e0 DEOPT PACKING pc=0x0000020a5f801d3c sp=0x0000000b9a3f6bb0
Event: 38.231 Thread 0x0000020a4fc1b8e0 DEOPT UNPACKING pc=0x0000020a57815ba3 sp=0x0000000b9a3f6b08 mode 2
Event: 38.232 Thread 0x0000020a4fc1b8e0 Uncommon trap: trap_request=0xffffffc6 fr.pc=0x0000020a5f801d3c relative=0x0000000000001fdc
Event: 38.232 Thread 0x0000020a4fc1b8e0 Uncommon trap: reason=bimorphic_or_optimized_type_check action=maybe_recompile pc=0x0000020a5f801d3c method=org.jetbrains.org.objectweb.asm.ClassReader.readElementValue(Lorg/jetbrains/org/objectweb/asm/AnnotationVisitor;ILjava/lang/String;[C)I @ 556 c2
Event: 38.232 Thread 0x0000020a4fc1b8e0 DEOPT PACKING pc=0x0000020a5f801d3c sp=0x0000000b9a3f6bb0
Event: 38.232 Thread 0x0000020a4fc1b8e0 DEOPT UNPACKING pc=0x0000020a57815ba3 sp=0x0000000b9a3f6b08 mode 2
Event: 38.628 Thread 0x0000020a4fc1b8e0 Uncommon trap: trap_request=0xffffffc6 fr.pc=0x0000020a5f31424c relative=0x00000000000000ac
Event: 38.628 Thread 0x0000020a4fc1b8e0 Uncommon trap: reason=bimorphic_or_optimized_type_check action=maybe_recompile pc=0x0000020a5f31424c method=org.jetbrains.kotlin.load.java.lazy.LazyJavaAnnotations.isEmpty()Z @ 9 c2
Event: 38.628 Thread 0x0000020a4fc1b8e0 DEOPT PACKING pc=0x0000020a5f31424c sp=0x0000000b9a3f8f70
Event: 38.628 Thread 0x0000020a4fc1b8e0 DEOPT UNPACKING pc=0x0000020a57815ba3 sp=0x0000000b9a3f8f08 mode 2
Event: 39.039 Thread 0x0000020a4fc1b8e0 Uncommon trap: trap_request=0xffffff45 fr.pc=0x0000020a5f2ade04 relative=0x0000000000000084
Event: 39.039 Thread 0x0000020a4fc1b8e0 Uncommon trap: reason=unstable_if action=reinterpret pc=0x0000020a5f2ade04 method=java.lang.CharacterDataLatin1.isWhitespace(I)Z @ 14 c2
Event: 39.040 Thread 0x0000020a4fc1b8e0 DEOPT PACKING pc=0x0000020a5f2ade04 sp=0x0000000b9a3f9eb0
Event: 39.040 Thread 0x0000020a4fc1b8e0 DEOPT UNPACKING pc=0x0000020a57815ba3 sp=0x0000000b9a3f9e20 mode 2
Event: 39.041 Thread 0x0000020a4fc1b8e0 Uncommon trap: trap_request=0xffffff45 fr.pc=0x0000020a5f49edb8 relative=0x0000000000001f58
Event: 39.041 Thread 0x0000020a4fc1b8e0 Uncommon trap: reason=unstable_if action=reinterpret pc=0x0000020a5f49edb8 method=org.jetbrains.kotlin.com.intellij.psi.impl.source.tree.JavaASTFactory.createLeaf(Lorg/jetbrains/kotlin/com/intellij/psi/tree/IElementType;Ljava/lang/CharSequence;)Lorg/jetbr
Event: 39.041 Thread 0x0000020a4fc1b8e0 DEOPT PACKING pc=0x0000020a5f49edb8 sp=0x0000000b9a3fa350
Event: 39.041 Thread 0x0000020a4fc1b8e0 DEOPT UNPACKING pc=0x0000020a57815ba3 sp=0x0000000b9a3fa1d0 mode 2

Classes unloaded (0 events):
No events

Classes redefined (0 events):
No events

Internal exceptions (20 events):
Event: 20.021 Thread 0x0000020a4fc1b8e0 Implicit null exception at 0x0000020a5f3ea93c to 0x0000020a5f3ee300
Event: 20.022 Thread 0x0000020a4fc1b8e0 Implicit null exception at 0x0000020a5f3ea93c to 0x0000020a5f3ee300
Event: 20.022 Thread 0x0000020a4fc1b8e0 Implicit null exception at 0x0000020a5f3ea93c to 0x0000020a5f3ee300
Event: 20.022 Thread 0x0000020a4fc1b8e0 Implicit null exception at 0x0000020a5f3ea93c to 0x0000020a5f3ee300
Event: 20.022 Thread 0x0000020a4fc1b8e0 Implicit null exception at 0x0000020a5f3ea93c to 0x0000020a5f3ee300
Event: 20.022 Thread 0x0000020a4fc1b8e0 Implicit null exception at 0x0000020a5f3ea93c to 0x0000020a5f3ee300
Event: 20.022 Thread 0x0000020a4fc1b8e0 Implicit null exception at 0x0000020a5f3ea93c to 0x0000020a5f3ee300
Event: 20.022 Thread 0x0000020a4fc1b8e0 Implicit null exception at 0x0000020a5f3ea93c to 0x0000020a5f3ee300
Event: 20.022 Thread 0x0000020a4fc1b8e0 Implicit null exception at 0x0000020a5f5227f0 to 0x0000020a5f52f078
Event: 20.022 Thread 0x0000020a4fc1b8e0 Implicit null exception at 0x0000020a5f3e77c9 to 0x0000020a5f3e883c
Event: 20.106 Thread 0x0000020a4fc1b8e0 Exception <a 'java/lang/NoSuchMethodError'{0x00000000899cc7b8}: 'java.lang.Object java.lang.invoke.DirectMethodHandle$Holder.newInvokeSpecial(java.lang.Object, int, java.lang.Object, java.lang.Object)'> (0x00000000899cc7b8) 
thrown [s\src\hotspot\share\interpreter\linkResolver.cpp, line 759]
Event: 20.107 Thread 0x0000020a4fc1b8e0 Exception <a 'java/lang/NoSuchMethodError'{0x00000000899d0f08}: 'java.lang.Object java.lang.invoke.DirectMethodHandle$Holder.invokeSpecial(java.lang.Object, java.lang.Object, int, java.lang.Object, java.lang.Object)'> (0x00000000899d0f08) 
thrown [s\src\hotspot\share\interpreter\linkResolver.cpp, line 759]
Event: 20.695 Thread 0x0000020a4fc1b8e0 Exception <a 'java/lang/NoSuchMethodError'{0x0000000089389a38}: 'java.lang.Object java.lang.invoke.DirectMethodHandle$Holder.invokeInterface(java.lang.Object, java.lang.Object, java.lang.Object)'> (0x0000000089389a38) 
thrown [s\src\hotspot\share\interpreter\linkResolver.cpp, line 759]
Event: 20.696 Thread 0x0000020a4fc1b8e0 Exception <a 'java/lang/IncompatibleClassChangeError'{0x000000008938d650}: Found class java.lang.Object, but interface was expected> (0x000000008938d650) 
thrown [s\src\hotspot\share\interpreter\linkResolver.cpp, line 826]
Event: 20.789 Thread 0x0000020a4fc1b8e0 Implicit null exception at 0x0000020a5f6fa01c to 0x0000020a5f6fa5e4
Event: 20.963 Thread 0x0000020a4fc1b8e0 Exception <a 'java/lang/NoSuchMethodError'{0x0000000088f778b0}: 'java.lang.Object java.lang.invoke.DirectMethodHandle$Holder.newInvokeSpecial(java.lang.Object, java.lang.Object, java.lang.Object, java.lang.Object, java.lang.Object, java.lang.Object, java.lang.Object)'> (0x0000000088f778b0) 
thrown [s\src\hotspot\share\interpreter\linkResolver.cpp, line 759]
Event: 20.965 Thread 0x0000020a4fc1b8e0 Exception <a 'java/lang/NoSuchMethodError'{0x0000000088f7c468}: 'java.lang.Object java.lang.invoke.Invokers$Holder.linkToTargetMethod(java.lang.Object, java.lang.Object, java.lang.Object, java.lang.Object, java.lang.Object, java.lang.Object, java.lang.Object)'> (0x0000000088f7c468) 
thrown [s\src\hotspot\share\interpreter\linkResolver.cpp, line 759]
Event: 23.550 Thread 0x0000020a4fc1b8e0 Implicit null exception at 0x0000020a5f623a37 to 0x0000020a5f623f97
Event: 32.652 Thread 0x0000020a4fc1b8e0 Implicit null exception at 0x0000020a5f4a7683 to 0x0000020a5f4a9208
Event: 37.721 Thread 0x0000020a4fc1b8e0 Implicit null exception at 0x0000020a5f374670 to 0x0000020a5f3748a0

VM Operations (20 events):
Event: 34.420 Executing VM operation: ICBufferFull
Event: 34.420 Executing VM operation: ICBufferFull done
Event: 35.020 Executing VM operation: G1CollectForAllocation
Event: 35.039 Executing VM operation: G1CollectForAllocation done
Event: 35.216 Executing VM operation: G1CollectForAllocation
Event: 35.237 Executing VM operation: G1CollectForAllocation done
Event: 36.250 Executing VM operation: Cleanup
Event: 36.269 Executing VM operation: Cleanup done
Event: 36.273 Executing VM operation: HandshakeAllThreads
Event: 36.273 Executing VM operation: HandshakeAllThreads done
Event: 36.944 Executing VM operation: ICBufferFull
Event: 36.944 Executing VM operation: ICBufferFull done
Event: 37.765 Executing VM operation: ICBufferFull
Event: 37.765 Executing VM operation: ICBufferFull done
Event: 38.006 Executing VM operation: HandshakeAllThreads
Event: 38.006 Executing VM operation: HandshakeAllThreads done
Event: 38.032 Executing VM operation: G1CollectForAllocation
Event: 38.050 Executing VM operation: G1CollectForAllocation done
Event: 38.990 Executing VM operation: ICBufferFull
Event: 38.991 Executing VM operation: ICBufferFull done

Events (20 events):
Event: 33.971 Thread 0x0000020a6f0146c0 flushing nmethod 0x0000020a59389690
Event: 33.972 Thread 0x0000020a6f0146c0 flushing nmethod 0x0000020a5941da90
Event: 33.972 Thread 0x0000020a6f0146c0 flushing nmethod 0x0000020a59458d10
Event: 33.972 Thread 0x0000020a6f0146c0 flushing nmethod 0x0000020a5947d610
Event: 33.972 Thread 0x0000020a6f0146c0 flushing nmethod 0x0000020a59524090
Event: 33.973 Thread 0x0000020a6f0146c0 flushing nmethod 0x0000020a595b7210
Event: 33.973 Thread 0x0000020a6f0146c0 flushing nmethod 0x0000020a595d3790
Event: 33.973 Thread 0x0000020a6f0146c0 flushing nmethod 0x0000020a595d6990
Event: 33.973 Thread 0x0000020a6f0146c0 flushing nmethod 0x0000020a5960f290
Event: 33.973 Thread 0x0000020a6f0146c0 flushing nmethod 0x0000020a59612a90
Event: 33.974 Thread 0x0000020a6f0146c0 flushing nmethod 0x0000020a59650610
Event: 33.975 Thread 0x0000020a6f0146c0 flushing nmethod 0x0000020a5978bc10
Event: 33.975 Thread 0x0000020a6f0146c0 flushing nmethod 0x0000020a597a5d90
Event: 35.621 Thread 0x0000020a748dab10 Thread added: 0x0000020a748dab10
Event: 35.956 Thread 0x0000020a748dab10 Thread exited: 0x0000020a748dab10
Event: 36.426 Thread 0x0000020a72c52160 Thread exited: 0x0000020a72c52160
Event: 36.622 Thread 0x0000020a748d8cb0 Thread added: 0x0000020a748d8cb0
Event: 37.299 Thread 0x0000020a748d96d0 Thread added: 0x0000020a748d96d0
Event: 38.110 Thread 0x0000020a748d96d0 Thread exited: 0x0000020a748d96d0
Event: 38.291 Thread 0x0000020a748db020 Thread added: 0x0000020a748db020


Dynamic libraries:
0x00007ff6b7bb0000 - 0x00007ff6b7bbe000 	C:\Program Files\Eclipse Adoptium\jdk-17.0.5.8-hotspot\bin\java.exe
0x00007ff9b2f20000 - 0x00007ff9b3180000 	C:\WINDOWS\SYSTEM32\ntdll.dll
0x00007ff9b17c0000 - 0x00007ff9b1887000 	C:\WINDOWS\System32\KERNEL32.DLL
0x00007ff9b0340000 - 0x00007ff9b070a000 	C:\WINDOWS\System32\KERNELBASE.dll
0x00007ff9b0100000 - 0x00007ff9b024b000 	C:\WINDOWS\System32\ucrtbase.dll
0x00007ff99fd20000 - 0x00007ff99fd37000 	C:\Program Files\Eclipse Adoptium\jdk-17.0.5.8-hotspot\bin\jli.dll
0x00007ff9b1d10000 - 0x00007ff9b1edc000 	C:\WINDOWS\System32\USER32.dll
0x00007ff9b0310000 - 0x00007ff9b0337000 	C:\WINDOWS\System32\win32u.dll
0x00007ff9b0d20000 - 0x00007ff9b0d4a000 	C:\WINDOWS\System32\GDI32.dll
0x00007ff9b0a70000 - 0x00007ff9b0ba1000 	C:\WINDOWS\System32\gdi32full.dll
0x00007ff9b0710000 - 0x00007ff9b07b3000 	C:\WINDOWS\System32\msvcp_win.dll
0x00007ff9980f0000 - 0x00007ff998109000 	C:\Program Files\Eclipse Adoptium\jdk-17.0.5.8-hotspot\bin\VCRUNTIME140.dll
0x00007ff99bc70000 - 0x00007ff99bf07000 	C:\WINDOWS\WinSxS\amd64_microsoft.windows.common-controls_6595b64144ccf1df_6.0.26100.3624_none_3e086962e3345f24\COMCTL32.dll
0x00007ff9b24c0000 - 0x00007ff9b2569000 	C:\WINDOWS\System32\msvcrt.dll
0x00007ff9b2370000 - 0x00007ff9b239f000 	C:\WINDOWS\System32\IMM32.DLL
0x000000006a300000 - 0x000000006a30c000 	C:\Program Files (x86)\360\Total Security\safemon\SafeWrapper.dll
0x00007ff9b1680000 - 0x00007ff9b1732000 	C:\WINDOWS\System32\ADVAPI32.dll
0x00007ff9b13e0000 - 0x00007ff9b1486000 	C:\WINDOWS\System32\sechost.dll
0x00007ff9b2570000 - 0x00007ff9b2686000 	C:\WINDOWS\System32\RPCRT4.dll
0x00007ff95b420000 - 0x00007ff95b4cc000 	C:\Program Files (x86)\360\Total Security\safemon\libzdtp64.dll
0x00007ff9b2690000 - 0x00007ff9b2db9000 	C:\WINDOWS\System32\SHELL32.dll
0x00007ff9b0bb0000 - 0x00007ff9b0d18000 	C:\WINDOWS\System32\wintypes.dll
0x00007ff9b0db0000 - 0x00007ff9b1132000 	C:\WINDOWS\System32\combase.dll
0x00007ff9b2e70000 - 0x00007ff9b2ed4000 	C:\WINDOWS\System32\SHLWAPI.dll
0x00007ff9afb40000 - 0x00007ff9afb4b000 	C:\WINDOWS\SYSTEM32\VERSION.dll
0x00007ff9980e0000 - 0x00007ff9980ec000 	C:\Program Files\Eclipse Adoptium\jdk-17.0.5.8-hotspot\bin\vcruntime140_1.dll
0x00007ff998110000 - 0x00007ff9981a1000 	C:\Program Files\Eclipse Adoptium\jdk-17.0.5.8-hotspot\bin\msvcp140.dll
0x00007ff972830000 - 0x00007ff973474000 	C:\Program Files\Eclipse Adoptium\jdk-17.0.5.8-hotspot\bin\server\jvm.dll
0x00007ff997d40000 - 0x00007ff997d4a000 	C:\WINDOWS\SYSTEM32\WSOCK32.dll
0x00007ff9b1740000 - 0x00007ff9b17b4000 	C:\WINDOWS\System32\WS2_32.dll
0x00007ff99d240000 - 0x00007ff99d276000 	C:\WINDOWS\SYSTEM32\WINMM.dll
0x00007ff9aee70000 - 0x00007ff9aee8a000 	C:\WINDOWS\SYSTEM32\kernel.appcore.dll
0x00007ff99f700000 - 0x00007ff99f70a000 	C:\Program Files\Eclipse Adoptium\jdk-17.0.5.8-hotspot\bin\jimage.dll
0x00007ff9ad7f0000 - 0x00007ff9ada31000 	C:\WINDOWS\SYSTEM32\DBGHELP.DLL
0x00007ff9b15a0000 - 0x00007ff9b1676000 	C:\WINDOWS\System32\OLEAUT32.dll
0x00007ff996ab0000 - 0x00007ff996ae9000 	C:\WINDOWS\SYSTEM32\dbgcore.DLL
0x00007ff9b07c0000 - 0x00007ff9b0859000 	C:\WINDOWS\System32\bcryptPrimitives.dll
0x00007ff99e160000 - 0x00007ff99e185000 	C:\Program Files\Eclipse Adoptium\jdk-17.0.5.8-hotspot\bin\java.dll
0x00007ff981330000 - 0x00007ff981406000 	C:\Program Files\Eclipse Adoptium\jdk-17.0.5.8-hotspot\bin\jsvml.dll
0x00007ff9add40000 - 0x00007ff9ae592000 	C:\WINDOWS\SYSTEM32\windows.storage.dll
0x00007ff9b1490000 - 0x00007ff9b157d000 	C:\WINDOWS\System32\SHCORE.dll
0x00007ff9b0010000 - 0x00007ff9b003f000 	C:\WINDOWS\SYSTEM32\profapi.dll
0x00007ff99e140000 - 0x00007ff99e159000 	C:\Program Files\Eclipse Adoptium\jdk-17.0.5.8-hotspot\bin\net.dll
0x00007ff9a6420000 - 0x00007ff9a653d000 	C:\WINDOWS\SYSTEM32\WINHTTP.dll
0x00007ff9af390000 - 0x00007ff9af3fa000 	C:\WINDOWS\system32\mswsock.dll
0x00007ff9918a0000 - 0x00007ff9918b5000 	C:\Program Files\Eclipse Adoptium\jdk-17.0.5.8-hotspot\bin\nio.dll
0x00007ff98fa90000 - 0x00007ff98faa8000 	C:\Program Files\Eclipse Adoptium\jdk-17.0.5.8-hotspot\bin\zip.dll
0x00007ff99f3e0000 - 0x00007ff99f3f0000 	C:\Program Files\Eclipse Adoptium\jdk-17.0.5.8-hotspot\bin\verify.dll

dbghelp: loaded successfully - version: 4.0.5 - missing functions: none
symbol engine: initialized successfully - sym options: 0x614 - pdb path: .;C:\Program Files\Eclipse Adoptium\jdk-17.0.5.8-hotspot\bin;C:\WINDOWS\SYSTEM32;C:\WINDOWS\WinSxS\amd64_microsoft.windows.common-controls_6595b64144ccf1df_6.0.26100.3624_none_3e086962e3345f24;C:\Program Files (x86)\360\Total Security\safemon;C:\Program Files\Eclipse Adoptium\jdk-17.0.5.8-hotspot\bin\server

VM Arguments:
java_command: org.jetbrains.kotlin.cli.jvm.K2JVMCompiler @D:\ReactNative\MyApp\node_modules\react-native-video\android\buildOutput_a15d4dee7fc4eda61b91308cbb6a2e72\20250815_3866942620135516661.compiler.options
java_class_path (initial): C:\Users\ASUS\.gradle\caches\modules-2\files-2.1\org.jetbrains.kotlin\kotlin-compiler-embeddable\1.9.22\9cd4dc7773cf2a99ecd961a88fbbc9a2da3fb5e1\kotlin-compiler-embeddable-1.9.22.jar;C:\Users\ASUS\.gradle\caches\modules-2\files-2.1\org.jetbrains.kotlin\kotlin-stdlib\1.9.22\d6c44cd08d8f3f9bece8101216dbe6553365c6e3\kotlin-stdlib-1.9.22.jar;C:\Users\ASUS\.gradle\caches\modules-2\files-2.1\org.jetbrains.kotlin\kotlin-script-runtime\1.9.22\f8139a46fc677ec9badc49ae954392f4f5e7e7c7\kotlin-script-runtime-1.9.22.jar;C:\Users\ASUS\.gradle\caches\modules-2\files-2.1\org.jetbrains.kotlin\kotlin-reflect\1.6.10\1cbe9c92c12a94eea200d23c2bbaedaf3daf5132\kotlin-reflect-1.6.10.jar;C:\Users\ASUS\.gradle\caches\modules-2\files-2.1\org.jetbrains.kotlin\kotlin-daemon-embeddable\1.9.22\20e2c5df715f3240c765cfc222530e2796542021\kotlin-daemon-embeddable-1.9.22.jar;C:\Users\ASUS\.gradle\caches\modules-2\files-2.1\org.jetbrains.intellij.deps\trove4j\1.0.20200330\3afb14d5f9ceb459d724e907a21145e8ff394f02\trove4j-1.0.20200330.jar;C:\Users\ASUS\.gradle\caches\modules-2\files-2.1\org.jetbrains\annotations\13.0\919f0dfe192fb4e063e7dacadee7f8bb9a2672a9\annotations-13.0.jar
Launcher Type: SUN_STANDARD

[Global flags]
     intx CICompilerCount                          = 4                                         {product} {ergonomic}
     uint ConcGCThreads                            = 2                                         {product} {ergonomic}
     uint G1ConcRefinementThreads                  = 8                                         {product} {ergonomic}
   size_t G1HeapRegionSize                         = 1048576                                   {product} {ergonomic}
    uintx GCDrainStackTargetSize                   = 64                                        {product} {ergonomic}
   size_t InitialHeapSize                          = 130023424                                 {product} {ergonomic}
   size_t MarkStackSize                            = 4194304                                   {product} {ergonomic}
   size_t MaxHeapSize                              = 2080374784                                {product} {ergonomic}
   size_t MaxNewSize                               = 1247805440                                {product} {ergonomic}
   size_t MinHeapDeltaBytes                        = 1048576                                   {product} {ergonomic}
   size_t MinHeapSize                              = 8388608                                   {product} {ergonomic}
    uintx NonNMethodCodeHeapSize                   = 5839372                                {pd product} {ergonomic}
    uintx NonProfiledCodeHeapSize                  = 122909434                              {pd product} {ergonomic}
    uintx ProfiledCodeHeapSize                     = 122909434                              {pd product} {ergonomic}
    uintx ReservedCodeCacheSize                    = 251658240                              {pd product} {ergonomic}
     bool SegmentedCodeCache                       = true                                      {product} {ergonomic}
   size_t SoftMaxHeapSize                          = 2080374784                             {manageable} {ergonomic}
     bool UseCompressedClassPointers               = true                           {product lp64_product} {ergonomic}
     bool UseCompressedOops                        = true                           {product lp64_product} {ergonomic}
     bool UseG1GC                                  = true                                      {product} {ergonomic}
     bool UseLargePagesIndividualAllocation        = false                                  {pd product} {ergonomic}

Logging:
Log output configuration:
 #0: stdout all=warning uptime,level,tags
 #1: stderr all=off uptime,level,tags

Environment Variables:
CLASSPATH=D:\ReactNative\MyApp\android\\gradle\wrapper\gradle-wrapper.jar
PATH=D:\ReactNative\MyApp\node_modules\.bin;D:\ReactNative\node_modules\.bin;D:\node_modules\.bin;C:\Users\ASUS\AppData\Roaming\npm\node_modules\npm\node_modules\@npmcli\run-script\lib\node-gyp-bin;C:\Program Files\Eclipse Adoptium\jdk-17.0.5.8-hotspot\bin;C:\Program Files\Common Files\Oracle\Java\javapath;C:\WINDOWS\system32;C:\WINDOWS;C:\WINDOWS\System32\Wbem;C:\WINDOWS\System32\WindowsPowerShell\v1.0\;C:\WINDOWS\System32\OpenSSH\;C:\Program Files\Git\cmd;C:\Program Files\nodejs\;C:\Users\ASUS\AppData\Local\Android\Sdk\platform-tools;;C:\ProgramData\chocolatey\bin;C:\Program Files\MySQL\MySQL Shell 8.0\bin\;C:\Users\ASUS\AppData\Local\Programs\Python\Python313\Scripts\;C:\Users\ASUS\AppData\Local\Programs\Python\Python313\;C:\Users\ASUS\AppData\Local\Android\Sdk\tools;C:\Users\ASUS\AppData\Local\Microsoft\WindowsApps;;C:\Users\ASUS\AppData\Local\Programs\Microsoft VS Code\bin;C:\Users\ASUS\AppData\Roaming\npm
USERNAME=ASUS
LANG=en_US.UTF-8
OS=Windows_NT
PROCESSOR_IDENTIFIER=Intel64 Family 6 Model 126 Stepping 5, GenuineIntel
TMP=C:\Users\ASUS\AppData\Local\Temp
TEMP=C:\Users\ASUS\AppData\Local\Temp



---------------  S Y S T E M  ---------------

OS:
 Windows 11 , 64 bit Build 26100 (10.0.26100.3775)
OS uptime: 6 days 19:03 hours

CPU: total 8 (initial active 8) (4 cores per cpu, 2 threads per core) family 6 model 126 stepping 5 microcode 0xa8, cx8, cmov, fxsr, ht, mmx, 3dnowpref, sse, sse2, sse3, ssse3, sse4.1, sse4.2, popcnt, lzcnt, tsc, tscinvbit, avx, avx2, aes, erms, clmul, bmi1, bmi2, adx, avx512f, avx512dq, avx512cd, avx512bw, avx512vl, sha, fma, vzeroupper, avx512_vpopcntdq, avx512_vpclmulqdq, avx512_vaes, avx512_vnni, clflush, clflushopt, avx512_vbmi2, avx512_vbmi

Memory: 4k page, system-wide physical 7930M (593M free)
TotalPageFile size 21534M (AvailPageFile size 5M)
current process WorkingSet (physical memory assigned to process): 336M, peak: 348M
current process commit charge ("private bytes"): 447M, peak: 449M

vm_info: OpenJDK 64-Bit Server VM (17.0.5+8) for windows-amd64 JRE (17.0.5+8), built on Oct 19 2022 04:48:13 by "temurin" with MS VC++ 16.7 (VS2019)

END.
